<?xml version="1.0" encoding="UTF-8"?>
<!-- Generated by org.testng.reporters.JUnitXMLReporter -->
<testsuite hostname="DESKTOP-DF7DQ03" ignored="2" tests="0" failures="0" timestamp="2022-12-14T21:18:09 IST" time="0.017" errors="0">
  <testcase name="arithmaticMethod" time="0.0" classname="testNgpractice.DataProvideriTestContext">
    <ignored/>
  </testcase> <!-- arithmaticMethod -->
  <testcase name="stringMethod" time="0.0" classname="testNgpractice.DataProvideriTestContext">
    <ignored/>
  </testcase> <!-- stringMethod -->
</testsuite>
